<?xml version="1.0" encoding="UTF-8"?>
<testsuite xmlns:xsi="http://www.w3.org/2001/XMLSchema-instance" xsi:noNamespaceSchemaLocation="https://maven.apache.org/surefire/maven-surefire-plugin/xsd/surefire-test-report.xsd" name="testRunner.TestRunner" time="5.358" tests="5" errors="0" skipped="0" failures="0">
  <properties>
    <property name="sun.desktop" value="windows"/>
    <property name="awt.toolkit" value="sun.awt.windows.WToolkit"/>
    <property name="java.specification.version" value="9"/>
    <property name="file.encoding.pkg" value="sun.io"/>
    <property name="sun.cpu.isalist" value="amd64"/>
    <property name="sun.jnu.encoding" value="Cp1252"/>
    <property name="java.class.path" value="C:\Users\user\eclipse-bufinalworkspace\BankManagementSystem(Case Study)\target\test-classes;C:\Users\user\eclipse-bufinalworkspace\BankManagementSystem(Case Study)\target\classes;C:\Users\user\.m2\repository\junit\junit\4.11\junit-4.11.jar;C:\Users\user\.m2\repository\org\hamcrest\hamcrest-core\1.3\hamcrest-core-1.3.jar;C:\Users\user\.m2\repository\io\vertx\vertx-web\3.5.1\vertx-web-3.5.1.jar;C:\Users\user\.m2\repository\io\vertx\vertx-auth-common\3.5.1\vertx-auth-common-3.5.1.jar;C:\Users\user\.m2\repository\io\vertx\vertx-bridge-common\3.5.1\vertx-bridge-common-3.5.1.jar;C:\Users\user\.m2\repository\io\vertx\vertx-core\3.5.1\vertx-core-3.5.1.jar;C:\Users\user\.m2\repository\io\netty\netty-common\4.1.19.Final\netty-common-4.1.19.Final.jar;C:\Users\user\.m2\repository\io\netty\netty-buffer\4.1.19.Final\netty-buffer-4.1.19.Final.jar;C:\Users\user\.m2\repository\io\netty\netty-transport\4.1.19.Final\netty-transport-4.1.19.Final.jar;C:\Users\user\.m2\repository\io\netty\netty-handler\4.1.19.Final\netty-handler-4.1.19.Final.jar;C:\Users\user\.m2\repository\io\netty\netty-codec\4.1.19.Final\netty-codec-4.1.19.Final.jar;C:\Users\user\.m2\repository\io\netty\netty-handler-proxy\4.1.19.Final\netty-handler-proxy-4.1.19.Final.jar;C:\Users\user\.m2\repository\io\netty\netty-codec-socks\4.1.19.Final\netty-codec-socks-4.1.19.Final.jar;C:\Users\user\.m2\repository\io\netty\netty-codec-http\4.1.19.Final\netty-codec-http-4.1.19.Final.jar;C:\Users\user\.m2\repository\io\netty\netty-codec-http2\4.1.19.Final\netty-codec-http2-4.1.19.Final.jar;C:\Users\user\.m2\repository\io\netty\netty-resolver\4.1.19.Final\netty-resolver-4.1.19.Final.jar;C:\Users\user\.m2\repository\io\netty\netty-resolver-dns\4.1.19.Final\netty-resolver-dns-4.1.19.Final.jar;C:\Users\user\.m2\repository\io\netty\netty-codec-dns\4.1.19.Final\netty-codec-dns-4.1.19.Final.jar;C:\Users\user\.m2\repository\com\fasterxml\jackson\core\jackson-core\2.9.3\jackson-core-2.9.3.jar;C:\Users\user\.m2\repository\com\fasterxml\jackson\core\jackson-databind\2.9.3\jackson-databind-2.9.3.jar;C:\Users\user\.m2\repository\com\fasterxml\jackson\core\jackson-annotations\2.9.0\jackson-annotations-2.9.0.jar;C:\Users\user\.m2\repository\com\couchbase\client\java-client\2.6.2\java-client-2.6.2.jar;C:\Users\user\.m2\repository\com\couchbase\client\core-io\1.6.1\core-io-1.6.1.jar;C:\Users\user\.m2\repository\org\jnosql\diana\couchbase-driver\0.0.9\couchbase-driver-0.0.9.jar;C:\Users\user\.m2\repository\org\jnosql\diana\diana-document\0.0.9\diana-document-0.0.9.jar;C:\Users\user\.m2\repository\org\jnosql\diana\diana-core\0.0.9\diana-core-0.0.9.jar;C:\Users\user\.m2\repository\org\jnosql\diana\jnosql-query-antlr\0.0.9\jnosql-query-antlr-0.0.9.jar;C:\Users\user\.m2\repository\org\antlr\antlr4-runtime\4.7.2\antlr4-runtime-4.7.2.jar;C:\Users\user\.m2\repository\org\jnosql\diana\diana-key-value\0.0.9\diana-key-value-0.0.9.jar;C:\Users\user\.m2\repository\org\jnosql\diana\diana-driver-commons\0.0.9\diana-driver-commons-0.0.9.jar;C:\Users\user\.m2\repository\org\jnosql\artemis\artemis-document\0.0.9\artemis-document-0.0.9.jar;C:\Users\user\.m2\repository\org\jnosql\artemis\artemis-core\0.0.9\artemis-core-0.0.9.jar;C:\Users\user\.m2\repository\org\jnosql\diana\jnosql-query-api\0.0.9\jnosql-query-api-0.0.9.jar;C:\Users\user\.m2\repository\io\reactivex\rxjava\1.3.7\rxjava-1.3.7.jar;C:\Users\user\.m2\repository\io\opentracing\opentracing-api\0.31.0\opentracing-api-0.31.0.jar;C:\Users\user\.m2\repository\org\projectlombok\lombok\1.18.18\lombok-1.18.18.jar;C:\Users\user\.m2\repository\io\rest-assured\rest-assured\4.3.3\rest-assured-4.3.3.jar;C:\Users\user\.m2\repository\org\codehaus\groovy\groovy\3.0.7\groovy-3.0.7.jar;C:\Users\user\.m2\repository\org\codehaus\groovy\groovy-xml\3.0.7\groovy-xml-3.0.7.jar;C:\Users\user\.m2\repository\org\apache\httpcomponents\httpclient\4.5.3\httpclient-4.5.3.jar;C:\Users\user\.m2\repository\org\apache\httpcomponents\httpcore\4.4.6\httpcore-4.4.6.jar;C:\Users\user\.m2\repository\commons-logging\commons-logging\1.2\commons-logging-1.2.jar;C:\Users\user\.m2\repository\commons-codec\commons-codec\1.9\commons-codec-1.9.jar;C:\Users\user\.m2\repository\org\apache\httpcomponents\httpmime\4.5.3\httpmime-4.5.3.jar;C:\Users\user\.m2\repository\org\hamcrest\hamcrest\2.1\hamcrest-2.1.jar;C:\Users\user\.m2\repository\org\ccil\cowan\tagsoup\tagsoup\1.2.1\tagsoup-1.2.1.jar;C:\Users\user\.m2\repository\io\rest-assured\json-path\4.3.3\json-path-4.3.3.jar;C:\Users\user\.m2\repository\org\codehaus\groovy\groovy-json\3.0.7\groovy-json-3.0.7.jar;C:\Users\user\.m2\repository\io\rest-assured\rest-assured-common\4.3.3\rest-assured-common-4.3.3.jar;C:\Users\user\.m2\repository\io\rest-assured\xml-path\4.3.3\xml-path-4.3.3.jar;C:\Users\user\.m2\repository\org\apache\commons\commons-lang3\3.11\commons-lang3-3.11.jar;C:\Users\user\.m2\repository\jakarta\xml\bind\jakarta.xml.bind-api\2.3.3\jakarta.xml.bind-api-2.3.3.jar;C:\Users\user\.m2\repository\jakarta\activation\jakarta.activation-api\1.2.2\jakarta.activation-api-1.2.2.jar;C:\Users\user\.m2\repository\com\sun\xml\bind\jaxb-impl\2.3.3\jaxb-impl-2.3.3.jar;C:\Users\user\.m2\repository\io\cucumber\cucumber-java\6.10.2\cucumber-java-6.10.2.jar;C:\Users\user\.m2\repository\io\cucumber\cucumber-core\6.10.2\cucumber-core-6.10.2.jar;C:\Users\user\.m2\repository\io\cucumber\cucumber-gherkin\6.10.2\cucumber-gherkin-6.10.2.jar;C:\Users\user\.m2\repository\io\cucumber\cucumber-gherkin-messages\6.10.2\cucumber-gherkin-messages-6.10.2.jar;C:\Users\user\.m2\repository\io\cucumber\messages\14.0.1\messages-14.0.1.jar;C:\Users\user\.m2\repository\io\cucumber\tag-expressions\3.0.0\tag-expressions-3.0.0.jar;C:\Users\user\.m2\repository\io\cucumber\cucumber-expressions\10.3.0\cucumber-expressions-10.3.0.jar;C:\Users\user\.m2\repository\io\cucumber\datatable\3.5.0\datatable-3.5.0.jar;C:\Users\user\.m2\repository\io\cucumber\cucumber-plugin\6.10.2\cucumber-plugin-6.10.2.jar;C:\Users\user\.m2\repository\io\cucumber\docstring\6.10.2\docstring-6.10.2.jar;C:\Users\user\.m2\repository\io\cucumber\html-formatter\12.0.0\html-formatter-12.0.0.jar;C:\Users\user\.m2\repository\io\cucumber\create-meta\3.0.0\create-meta-3.0.0.jar;C:\Users\user\.m2\repository\org\apiguardian\apiguardian-api\1.1.1\apiguardian-api-1.1.1.jar;C:\Users\user\.m2\repository\io\cucumber\cucumber-jvm-deps\1.0.6\cucumber-jvm-deps-1.0.6.jar;C:\Users\user\.m2\repository\io\cucumber\cucumber-junit\6.10.2\cucumber-junit-6.10.2.jar;C:\Users\user\.m2\repository\javax\ws\rs\javax.ws.rs-api\2.1.1\javax.ws.rs-api-2.1.1.jar;C:\Users\user\.m2\repository\org\springframework\spring-context\4.3.4.RELEASE\spring-context-4.3.4.RELEASE.jar;C:\Users\user\.m2\repository\org\springframework\spring-aop\4.3.4.RELEASE\spring-aop-4.3.4.RELEASE.jar;C:\Users\user\.m2\repository\org\springframework\spring-beans\4.3.4.RELEASE\spring-beans-4.3.4.RELEASE.jar;C:\Users\user\.m2\repository\org\springframework\spring-core\4.3.4.RELEASE\spring-core-4.3.4.RELEASE.jar;C:\Users\user\.m2\repository\org\springframework\spring-expression\4.3.4.RELEASE\spring-expression-4.3.4.RELEASE.jar;C:\Users\user\.m2\repository\org\springframework\spring-web\4.3.4.RELEASE\spring-web-4.3.4.RELEASE.jar;"/>
    <property name="java.vm.vendor" value="Oracle Corporation"/>
    <property name="sun.arch.data.model" value="64"/>
    <property name="user.variant" value=""/>
    <property name="java.vendor.url" value="http://java.oracle.com/"/>
    <property name="user.timezone" value="Asia/Calcutta"/>
    <property name="descriptorId" value="jar-with-dependencies"/>
    <property name="java.vm.specification.version" value="9"/>
    <property name="os.name" value="Windows 10"/>
    <property name="sun.java.launcher" value="SUN_STANDARD"/>
    <property name="user.country" value="US"/>
    <property name="sun.boot.library.path" value="C:\Program Files\Java\jdk-9.0.1\bin"/>
    <property name="sun.java.command" value="C:\Users\user\AppData\Local\Temp\surefire14403326198132580702\surefirebooter1692870261787466769.jar C:\Users\user\AppData\Local\Temp\surefire14403326198132580702 2021-04-24T20-35-28_704-jvmRun1 surefire6714788776642858121tmp surefire_017999820327082807500tmp"/>
    <property name="jdk.debug" value="release"/>
    <property name="surefire.test.class.path" value="C:\Users\user\eclipse-bufinalworkspace\BankManagementSystem(Case Study)\target\test-classes;C:\Users\user\eclipse-bufinalworkspace\BankManagementSystem(Case Study)\target\classes;C:\Users\user\.m2\repository\junit\junit\4.11\junit-4.11.jar;C:\Users\user\.m2\repository\org\hamcrest\hamcrest-core\1.3\hamcrest-core-1.3.jar;C:\Users\user\.m2\repository\io\vertx\vertx-web\3.5.1\vertx-web-3.5.1.jar;C:\Users\user\.m2\repository\io\vertx\vertx-auth-common\3.5.1\vertx-auth-common-3.5.1.jar;C:\Users\user\.m2\repository\io\vertx\vertx-bridge-common\3.5.1\vertx-bridge-common-3.5.1.jar;C:\Users\user\.m2\repository\io\vertx\vertx-core\3.5.1\vertx-core-3.5.1.jar;C:\Users\user\.m2\repository\io\netty\netty-common\4.1.19.Final\netty-common-4.1.19.Final.jar;C:\Users\user\.m2\repository\io\netty\netty-buffer\4.1.19.Final\netty-buffer-4.1.19.Final.jar;C:\Users\user\.m2\repository\io\netty\netty-transport\4.1.19.Final\netty-transport-4.1.19.Final.jar;C:\Users\user\.m2\repository\io\netty\netty-handler\4.1.19.Final\netty-handler-4.1.19.Final.jar;C:\Users\user\.m2\repository\io\netty\netty-codec\4.1.19.Final\netty-codec-4.1.19.Final.jar;C:\Users\user\.m2\repository\io\netty\netty-handler-proxy\4.1.19.Final\netty-handler-proxy-4.1.19.Final.jar;C:\Users\user\.m2\repository\io\netty\netty-codec-socks\4.1.19.Final\netty-codec-socks-4.1.19.Final.jar;C:\Users\user\.m2\repository\io\netty\netty-codec-http\4.1.19.Final\netty-codec-http-4.1.19.Final.jar;C:\Users\user\.m2\repository\io\netty\netty-codec-http2\4.1.19.Final\netty-codec-http2-4.1.19.Final.jar;C:\Users\user\.m2\repository\io\netty\netty-resolver\4.1.19.Final\netty-resolver-4.1.19.Final.jar;C:\Users\user\.m2\repository\io\netty\netty-resolver-dns\4.1.19.Final\netty-resolver-dns-4.1.19.Final.jar;C:\Users\user\.m2\repository\io\netty\netty-codec-dns\4.1.19.Final\netty-codec-dns-4.1.19.Final.jar;C:\Users\user\.m2\repository\com\fasterxml\jackson\core\jackson-core\2.9.3\jackson-core-2.9.3.jar;C:\Users\user\.m2\repository\com\fasterxml\jackson\core\jackson-databind\2.9.3\jackson-databind-2.9.3.jar;C:\Users\user\.m2\repository\com\fasterxml\jackson\core\jackson-annotations\2.9.0\jackson-annotations-2.9.0.jar;C:\Users\user\.m2\repository\com\couchbase\client\java-client\2.6.2\java-client-2.6.2.jar;C:\Users\user\.m2\repository\com\couchbase\client\core-io\1.6.1\core-io-1.6.1.jar;C:\Users\user\.m2\repository\org\jnosql\diana\couchbase-driver\0.0.9\couchbase-driver-0.0.9.jar;C:\Users\user\.m2\repository\org\jnosql\diana\diana-document\0.0.9\diana-document-0.0.9.jar;C:\Users\user\.m2\repository\org\jnosql\diana\diana-core\0.0.9\diana-core-0.0.9.jar;C:\Users\user\.m2\repository\org\jnosql\diana\jnosql-query-antlr\0.0.9\jnosql-query-antlr-0.0.9.jar;C:\Users\user\.m2\repository\org\antlr\antlr4-runtime\4.7.2\antlr4-runtime-4.7.2.jar;C:\Users\user\.m2\repository\org\jnosql\diana\diana-key-value\0.0.9\diana-key-value-0.0.9.jar;C:\Users\user\.m2\repository\org\jnosql\diana\diana-driver-commons\0.0.9\diana-driver-commons-0.0.9.jar;C:\Users\user\.m2\repository\org\jnosql\artemis\artemis-document\0.0.9\artemis-document-0.0.9.jar;C:\Users\user\.m2\repository\org\jnosql\artemis\artemis-core\0.0.9\artemis-core-0.0.9.jar;C:\Users\user\.m2\repository\org\jnosql\diana\jnosql-query-api\0.0.9\jnosql-query-api-0.0.9.jar;C:\Users\user\.m2\repository\io\reactivex\rxjava\1.3.7\rxjava-1.3.7.jar;C:\Users\user\.m2\repository\io\opentracing\opentracing-api\0.31.0\opentracing-api-0.31.0.jar;C:\Users\user\.m2\repository\org\projectlombok\lombok\1.18.18\lombok-1.18.18.jar;C:\Users\user\.m2\repository\io\rest-assured\rest-assured\4.3.3\rest-assured-4.3.3.jar;C:\Users\user\.m2\repository\org\codehaus\groovy\groovy\3.0.7\groovy-3.0.7.jar;C:\Users\user\.m2\repository\org\codehaus\groovy\groovy-xml\3.0.7\groovy-xml-3.0.7.jar;C:\Users\user\.m2\repository\org\apache\httpcomponents\httpclient\4.5.3\httpclient-4.5.3.jar;C:\Users\user\.m2\repository\org\apache\httpcomponents\httpcore\4.4.6\httpcore-4.4.6.jar;C:\Users\user\.m2\repository\commons-logging\commons-logging\1.2\commons-logging-1.2.jar;C:\Users\user\.m2\repository\commons-codec\commons-codec\1.9\commons-codec-1.9.jar;C:\Users\user\.m2\repository\org\apache\httpcomponents\httpmime\4.5.3\httpmime-4.5.3.jar;C:\Users\user\.m2\repository\org\hamcrest\hamcrest\2.1\hamcrest-2.1.jar;C:\Users\user\.m2\repository\org\ccil\cowan\tagsoup\tagsoup\1.2.1\tagsoup-1.2.1.jar;C:\Users\user\.m2\repository\io\rest-assured\json-path\4.3.3\json-path-4.3.3.jar;C:\Users\user\.m2\repository\org\codehaus\groovy\groovy-json\3.0.7\groovy-json-3.0.7.jar;C:\Users\user\.m2\repository\io\rest-assured\rest-assured-common\4.3.3\rest-assured-common-4.3.3.jar;C:\Users\user\.m2\repository\io\rest-assured\xml-path\4.3.3\xml-path-4.3.3.jar;C:\Users\user\.m2\repository\org\apache\commons\commons-lang3\3.11\commons-lang3-3.11.jar;C:\Users\user\.m2\repository\jakarta\xml\bind\jakarta.xml.bind-api\2.3.3\jakarta.xml.bind-api-2.3.3.jar;C:\Users\user\.m2\repository\jakarta\activation\jakarta.activation-api\1.2.2\jakarta.activation-api-1.2.2.jar;C:\Users\user\.m2\repository\com\sun\xml\bind\jaxb-impl\2.3.3\jaxb-impl-2.3.3.jar;C:\Users\user\.m2\repository\io\cucumber\cucumber-java\6.10.2\cucumber-java-6.10.2.jar;C:\Users\user\.m2\repository\io\cucumber\cucumber-core\6.10.2\cucumber-core-6.10.2.jar;C:\Users\user\.m2\repository\io\cucumber\cucumber-gherkin\6.10.2\cucumber-gherkin-6.10.2.jar;C:\Users\user\.m2\repository\io\cucumber\cucumber-gherkin-messages\6.10.2\cucumber-gherkin-messages-6.10.2.jar;C:\Users\user\.m2\repository\io\cucumber\messages\14.0.1\messages-14.0.1.jar;C:\Users\user\.m2\repository\io\cucumber\tag-expressions\3.0.0\tag-expressions-3.0.0.jar;C:\Users\user\.m2\repository\io\cucumber\cucumber-expressions\10.3.0\cucumber-expressions-10.3.0.jar;C:\Users\user\.m2\repository\io\cucumber\datatable\3.5.0\datatable-3.5.0.jar;C:\Users\user\.m2\repository\io\cucumber\cucumber-plugin\6.10.2\cucumber-plugin-6.10.2.jar;C:\Users\user\.m2\repository\io\cucumber\docstring\6.10.2\docstring-6.10.2.jar;C:\Users\user\.m2\repository\io\cucumber\html-formatter\12.0.0\html-formatter-12.0.0.jar;C:\Users\user\.m2\repository\io\cucumber\create-meta\3.0.0\create-meta-3.0.0.jar;C:\Users\user\.m2\repository\org\apiguardian\apiguardian-api\1.1.1\apiguardian-api-1.1.1.jar;C:\Users\user\.m2\repository\io\cucumber\cucumber-jvm-deps\1.0.6\cucumber-jvm-deps-1.0.6.jar;C:\Users\user\.m2\repository\io\cucumber\cucumber-junit\6.10.2\cucumber-junit-6.10.2.jar;C:\Users\user\.m2\repository\javax\ws\rs\javax.ws.rs-api\2.1.1\javax.ws.rs-api-2.1.1.jar;C:\Users\user\.m2\repository\org\springframework\spring-context\4.3.4.RELEASE\spring-context-4.3.4.RELEASE.jar;C:\Users\user\.m2\repository\org\springframework\spring-aop\4.3.4.RELEASE\spring-aop-4.3.4.RELEASE.jar;C:\Users\user\.m2\repository\org\springframework\spring-beans\4.3.4.RELEASE\spring-beans-4.3.4.RELEASE.jar;C:\Users\user\.m2\repository\org\springframework\spring-core\4.3.4.RELEASE\spring-core-4.3.4.RELEASE.jar;C:\Users\user\.m2\repository\org\springframework\spring-expression\4.3.4.RELEASE\spring-expression-4.3.4.RELEASE.jar;C:\Users\user\.m2\repository\org\springframework\spring-web\4.3.4.RELEASE\spring-web-4.3.4.RELEASE.jar;"/>
    <property name="sun.cpu.endian" value="little"/>
    <property name="user.home" value="C:\Users\user"/>
    <property name="user.language" value="en"/>
    <property name="java.specification.vendor" value="Oracle Corporation"/>
    <property name="java.home" value="C:\Program Files\Java\jdk-9.0.1"/>
    <property name="file.separator" value="\"/>
    <property name="basedir" value="C:\Users\user\eclipse-bufinalworkspace\BankManagementSystem(Case Study)"/>
    <property name="java.vm.compressedOopsMode" value="32-bit"/>
    <property name="line.separator" value="&#10;"/>
    <property name="java.vm.specification.vendor" value="Oracle Corporation"/>
    <property name="java.specification.name" value="Java Platform API Specification"/>
    <property name="java.awt.graphicsenv" value="sun.awt.Win32GraphicsEnvironment"/>
    <property name="surefire.real.class.path" value="C:\Users\user\AppData\Local\Temp\surefire14403326198132580702\surefirebooter1692870261787466769.jar"/>
    <property name="user.script" value=""/>
    <property name="sun.management.compiler" value="HotSpot 64-Bit Tiered Compilers"/>
    <property name="java.runtime.version" value="9.0.1+11"/>
    <property name="user.name" value="user"/>
    <property name="path.separator" value=";"/>
    <property name="os.version" value="10.0"/>
    <property name="java.runtime.name" value="Java(TM) SE Runtime Environment"/>
    <property name="file.encoding" value="Cp1252"/>
    <property name="java.vm.name" value="Java HotSpot(TM) 64-Bit Server VM"/>
    <property name="localRepository" value="C:\Users\user\.m2\repository"/>
    <property name="java.vendor.url.bug" value="http://bugreport.java.com/bugreport/"/>
    <property name="java.io.tmpdir" value="C:\Users\user\AppData\Local\Temp\"/>
    <property name="java.version" value="9.0.1"/>
    <property name="user.dir" value="C:\Users\user\eclipse-bufinalworkspace\BankManagementSystem(Case Study)"/>
    <property name="os.arch" value="amd64"/>
    <property name="java.vm.specification.name" value="Java Virtual Machine Specification"/>
    <property name="java.awt.printerjob" value="sun.awt.windows.WPrinterJob"/>
    <property name="sun.os.patch.level" value=""/>
    <property name="java.library.path" value="C:\Program Files\Java\jdk-9.0.1\bin;C:\WINDOWS\Sun\Java\bin;C:\WINDOWS\system32;C:\WINDOWS;C:\WINDOWS\system32;C:\WINDOWS;C:\WINDOWS\System32\Wbem;C:\WINDOWS\System32\WindowsPowerShell\v1.0\;C:\Program Files\Java\jdk-9.0.1\bin;C:\Program Files (x86)\GTK2-Runtime\lib;C:\WINDOWS\System32\OpenSSH\;C:\Program Files\dotnet\;C:\Program Files\Microsoft SQL Server\130\Tools\Binn\;C:\Program Files\Microsoft SQL Server\Client SDK\ODBC\170\Tools\Binn\;C:\Program Files\apache-maven-3.6.3\bin;C:\Program Files\nodejs\;C:\Program Files\Git\cmd;C:\Users\user\AppData\Local\Microsoft\WindowsApps;C:\Users\user\.dotnet\tools;C:\Program Files\Docker Toolbox;C:\Users\user\AppData\Roaming\npm;C:\Users\user\AppData\Local\Programs\Microsoft VS Code\bin;."/>
    <property name="java.vm.info" value="mixed mode"/>
    <property name="java.vendor" value="Oracle Corporation"/>
    <property name="java.vm.version" value="9.0.1+11"/>
    <property name="sun.io.unicode.encoding" value="UnicodeLittle"/>
    <property name="java.class.version" value="53.0"/>
  </properties>
  <testcase name="Apply Loan" classname="Bank Loan Application Scenario" time="0.882"/>
  <testcase name="Login Link" classname="Bank Login Scenario" time="0.213"/>
  <testcase name="Logout Link" classname="Bank Logout Scenario" time="0.128"/>
  <testcase name="Register Link" classname="Bank Account Register Scenario" time="0.042"/>
  <testcase name="Update bank account details" classname="Bank Account Details Updation Scenario" time="0.032"/>
</testsuite>